Started at Wed Mar 02 05:54:02 UTC 2022
Processing c-project
Offering c-project to Project Build Discarder
Processing c-project3
Offering c-project3 to Project Build Discarder
Processing java-projects
Offering java-projects to Project Build Discarder
Processing java-projects3
Offering java-projects3 to Project Build Discarder
Finished at Wed Mar 02 05:54:02 UTC 2022. 9ms
Started at Wed Mar 02 06:54:02 UTC 2022
Processing c-project
Offering c-project to Project Build Discarder
Processing c-project3
Offering c-project3 to Project Build Discarder
Processing java-projects
Offering java-projects to Project Build Discarder
Processing java-projects3
Offering java-projects3 to Project Build Discarder
Finished at Wed Mar 02 06:54:02 UTC 2022. 3ms
Started at Wed Mar 02 07:54:02 UTC 2022
Processing c-project
Offering c-project to Project Build Discarder
Processing c-project3
Offering c-project3 to Project Build Discarder
Processing java-projects
Offering java-projects to Project Build Discarder
Processing java-projects3
Offering java-projects3 to Project Build Discarder
Finished at Wed Mar 02 07:54:02 UTC 2022. 6ms
Started at Wed Mar 02 08:54:02 UTC 2022
Processing c-project
Offering c-project to Project Build Discarder
Processing java-projects
Offering java-projects to Project Build Discarder
Finished at Wed Mar 02 08:54:02 UTC 2022. 1ms
